
Showing logs for build [32mcb-kubecd-environment-pr-187-15-8kw7h-1[0m stage [32mfrom-build-pack[0m and container [32mstep-credential-initializer-6ls68[0m
{"level":"warn","ts":1585039305.879248,"logger":"fallback-logger","caller":"logging/config.go:69","msg":"Fetch GitHub commit ID from kodata failed: \"ref: refs/heads/0.8.0-**-support-backwards-incompats\" is not a valid GitHub commit ID"}
{"level":"info","ts":1585039305.8811483,"logger":"fallback-logger","caller":"creds-init/main.go:40","msg":"Credentials initialized."}

Showing logs for build [32mcb-kubecd-environment-pr-187-15-8kw7h-1[0m stage [32mfrom-build-pack[0m and container [32mstep-working-dir-initializer-f7bbd[0m
{"level":"warn","ts":1585039307.1230562,"logger":"fallback-logger","caller":"logging/config.go:69","msg":"Fetch GitHub commit ID from kodata failed: open /var/run/ko/HEAD: no such file or directory"}
{"level":"info","ts":1585039307.124793,"logger":"fallback-logger","caller":"bash/main.go:64","msg":"Successfully executed command \"sh -c mkdir -p /workspace/source\"; output "}

Showing logs for build [32mcb-kubecd-environment-pr-187-15-8kw7h-1[0m stage [32mfrom-build-pack[0m and container [32mstep-place-tools[0m

Showing logs for build [32mcb-kubecd-environment-pr-187-15-8kw7h-1[0m stage [32mfrom-build-pack[0m and container [32mstep-git-source-cb-kubecd-environment-pr-187-15-8kw7h-4vlhm[0m
{"level":"warn","ts":1585039311.2604694,"logger":"fallback-logger","caller":"logging/config.go:69","msg":"Fetch GitHub commit ID from kodata failed: \"ref: refs/heads/0.8.0-**-support-backwards-incompats\" is not a valid GitHub commit ID"}
{"level":"info","ts":1585039312.3042395,"logger":"fallback-logger","caller":"git/git.go:103","msg":"Successfully cloned https://github.com/cb-kubecd/environment-pr-187-157-boot-gke-production.git @ master in path /workspace/source"}

Showing logs for build [32mcb-kubecd-environment-pr-187-15-8kw7h-1[0m stage [32mfrom-build-pack[0m and container [32mstep-git-merge[0m
Using SHAs from PULL_REFS=master:28f98a86c3c24e3fd9653c2a0b47f0221d21d946,1:ef43324bbca3020cc81d123e13ce93370e845601
DEBUG: JX_LOG_LEVEL=error LC_ALL=C git fetch origin --unshallow ef43324bbca3020cc81d123e13ce93370e845601: 28f98a86c3c24e3fd9653c2a0b47f0221d21d946:
DEBUG: ran git fetch --unshallow origin ef43324bbca3020cc81d123e13ce93370e845601: 28f98a86c3c24e3fd9653c2a0b47f0221d21d946: in 
DEBUG: LC_ALL=C JX_LOG_LEVEL=error git branch
DEBUG: LC_ALL=C JX_LOG_LEVEL=error git checkout master
DEBUG: ran git checkout master in 
DEBUG: JX_LOG_LEVEL=error LC_ALL=C git reset --hard 28f98a86c3c24e3fd9653c2a0b47f0221d21d946
DEBUG: ran git reset --hard 28f98a86c3c24e3fd9653c2a0b47f0221d21d946 in 
DEBUG: LC_ALL=C JX_LOG_LEVEL=error git clean -fd .
DEBUG: ran clean --force -d . in 
DEBUG: LC_ALL=C JX_LOG_LEVEL=error git merge ef43324bbca3020cc81d123e13ce93370e845601
DEBUG: ran git merge ef43324bbca3020cc81d123e13ce93370e845601 in 
DEBUG: LC_ALL=C JX_LOG_LEVEL=error git log --format=%H%x1f%an%x1f%ae%x1f%cn%x1f%ce%x1f%s%n%b%x1e 28f98a86c3c24e3fd9653c2a0b47f0221d21d946..HEAD
Merged SHA ef43324bbca3020cc81d123e13ce93370e845601 with commit message 'chore: Promote bdd-spring-1585038299 to version 0.0.1' into base branch master

Showing logs for build [32mcb-kubecd-environment-pr-187-15-8kw7h-1[0m stage [32mfrom-build-pack[0m and container [32mstep-build-helm-build[0m
WARNING: No $CHART_REPOSITORY defined so using the default value of: http://jenkins-x-chartmuseum:8080
Adding missing Helm repo: storage.googleapis.com https://storage.googleapis.com/chartmuseum.jenkins-x.io
WARNING: No secrets found on "helm/repos" due: reading the secret "helm/repos" from vault: no secret "helm/repos" not found in vault
Read credentials for https://storage.googleapis.com/chartmuseum.jenkins-x.io from vault helm/repos
Successfully added Helm repository storage.googleapis.com.
Adding missing Helm repo: jenkins-x-chartmuseum http://jenkins-x-chartmuseum:8080
WARNING: No secrets found on "helm/repos" due: reading the secret "helm/repos" from vault: no secret "helm/repos" not found in vault
Read credentials for http://jenkins-x-chartmuseum:8080 from vault helm/repos
Successfully added Helm repository jenkins-x-chartmuseum.
WARNING: No $CHART_REPOSITORY defined so using the default value of: http://jenkins-x-chartmuseum:8080
Adding missing Helm repo: chartmuseum.jenkins-x.io http://chartmuseum.jenkins-x.io
WARNING: No secrets found on "helm/repos" due: reading the secret "helm/repos" from vault: no secret "helm/repos" not found in vault
Read credentials for http://chartmuseum.jenkins-x.io from vault helm/repos
Successfully added Helm repository chartmuseum.jenkins-x.io.
